Base path: D:/Program Files/Unity/Editor/Data
Cmd: initializeCompiler
Cmd: initializeCompiler
Cmd: initializeCompiler
Cmd: initializeCompiler
Cmd: compileSnippet
  error: 1 plat 10 at (26): Program 'frag', implicit cast from 'float4' to 'float3'\nCompiling Fragment program with UNITY_PASS_SHADOWCASTER SHADOWS_CUBE
Platform defines: UNITY_ENABLE_REFLECTION_BUFFERS UNITY_NO_SCREENSPACE_SHADOWS UNITY_PBS_USE_BRDF3 SHADER_API_MOBILE UNITY_COLORSPACE_GAMMA UNITY_LIGHTMAP_RGBM_ENCODING
  error: 1 plat 10 at (31): Program 'frag', assignment causes implicit cast from 'float' to 'half'\nCompiling Fragment program with UNITY_PASS_SHADOWCASTER SHADOWS_CUBE
Platform defines: UNITY_ENABLE_REFLECTION_BUFFERS UNITY_NO_SCREENSPACE_SHADOWS UNITY_PBS_USE_BRDF3 SHADER_API_MOBILE UNITY_COLORSPACE_GAMMA UNITY_LIGHTMAP_RGBM_ENCODING
  error: 1 plat 10 at (149): Program 'frag', assignment causes implicit cast from 'float' to 'half'\nCompiling Fragment program with UNITY_PASS_SHADOWCASTER SHADOWS_CUBE
Platform defines: UNITY_ENABLE_REFLECTION_BUFFERS UNITY_NO_SCREENSPACE_SHADOWS UNITY_PBS_USE_BRDF3 SHADER_API_MOBILE UNITY_COLORSPACE_GAMMA UNITY_LIGHTMAP_RGBM_ENCODING
  error: 1 plat 10 at (150): Program 'frag', 'sign' shadows previous declaration\nprevious declaration was builtin:\nCompiling Fragment program with UNITY_PASS_SHADOWCASTER SHADOWS_CUBE
Platform defines: UNITY_ENABLE_REFLECTION_BUFFERS UNITY_NO_SCREENSPACE_SHADOWS UNITY_PBS_USE_BRDF3 SHADER_API_MOBILE UNITY_COLORSPACE_GAMMA UNITY_LIGHTMAP_RGBM_ENCODING
  error: 1 plat 10 at (151): Program 'frag', assignment causes implicit cast from 'float' to 'half'\nCompiling Fragment program with UNITY_PASS_SHADOWCASTER SHADOWS_CUBE
Platform defines: UNITY_ENABLE_REFLECTION_BUFFERS UNITY_NO_SCREENSPACE_SHADOWS UNITY_PBS_USE_BRDF3 SHADER_API_MOBILE UNITY_COLORSPACE_GAMMA UNITY_LIGHTMAP_RGBM_ENCODING
  error: 1 plat 10 at (153): Program 'frag', assignment causes implicit cast from 'float' to 'half'\nCompiling Fragment program with UNITY_PASS_SHADOWCASTER SHADOWS_CUBE
Platform defines: UNITY_ENABLE_REFLECTION_BUFFERS UNITY_NO_SCREENSPACE_SHADOWS UNITY_PBS_USE_BRDF3 SHADER_API_MOBILE UNITY_COLORSPACE_GAMMA UNITY_LIGHTMAP_RGBM_ENCODING
  error: 1 plat 10 at (258): Program 'frag', local variable 'lv' is unreferenced\nCompiling Fragment program with UNITY_PASS_SHADOWCASTER SHADOWS_CUBE
Platform defines: UNITY_ENABLE_REFLECTION_BUFFERS UNITY_NO_SCREENSPACE_SHADOWS UNITY_PBS_USE_BRDF3 SHADER_API_MOBILE UNITY_COLORSPACE_GAMMA UNITY_LIGHTMAP_RGBM_ENCODING
  error: 1 plat 10 at (301): Program 'frag', assignment causes implicit cast from 'float' to 'half'\nCompiling Fragment program with UNITY_PASS_SHADOWCASTER SHADOWS_CUBE
Platform defines: UNITY_ENABLE_REFLECTION_BUFFERS UNITY_NO_SCREENSPACE_SHADOWS UNITY_PBS_USE_BRDF3 SHADER_API_MOBILE UNITY_COLORSPACE_GAMMA UNITY_LIGHTMAP_RGBM_ENCODING
  error: 2 plat 10 at (920): Program 'frag', incompatible argument list for call to 'mul'. Found 288 possible candidates:\nfunction was called with params: (float4x4, half3) could be: fixed4x4 mul(fixed4x4, fixed4x4) or      : fixed4x3 mul(fixed4x4, fixed4x3) or      : fixed4x2 mul(fixed4x4, fixed4x2) or      : fixed4x1 mul(fixed4x4, fixed4x1) or      : fixed4x4 mul(fixed4x3, fixed3x4) or      : fixed4x3 mul(fixed4x3, fixed3x3) or      : fixed4x2 mul(fixed4x3, fixed3x2) or      : fixed4x1 mul(fixed4x3, fixed3x1) or      : fixed4x4 mul(fixed4x2, fixed2x4) or      : fixed4x3 mul(fixed4x2, fixed2x3) or      : fixed4x2 mul(fixed4x2, fixed2x2) or      : fixed4x1 mul(fixed4x2, fixed2x1) or      : fixed4x4 mul(fixed4x1, fixed1x4) or      : fixed4x3 mul(fixed4x1, fixed1x3) or      : fixed4x2 mul(fixed4x1, fixed1x2) or      : fixed4x1 mul(fixed4x1, fixed1x1) or      : fixed3x4 mul(fixed3x4, fixed4x4) or      : fixed3x3 mul(fixed3x4, fixed4x3) or      : fixed3x2 mul(fixed3x4, fixed4x2) or      : fixed3x1 mul(fixed3x4, fixed4x1) or      : fixed3x4 mul(fixed3x3, fixed3x4) or      : fixed3x3 mul(fixed3x3, fixed3x3) or      : fixed3x2 mul(fixed3x3, fixed3x2) or      : fixed3x1 mul(fixed3x3, fixed3x1) or      : fixed3x4 mul(fixed3x2, fixed2x4) or      : fixed3x3 mul(fixed3x2, fixed2x3) or      : fixed3x2 mul(fixed3x2, fixed2x2) or      : fixed3x1 mul(fixed3x2, fixed2x1) or      : fixed3x4 mul(fixed3x1, fixed1x4) or      : fixed3x3 mul(fixed3x1, fixed1x3) or      : fixed3x2 mul(fixed3x1, fixed1x2) or      : fixed3x1 mul(fixed3x1, fixed1x1) or      : fixed2x4 mul(fixed2x4, fixed4x4) or      : fixed2x3 mul(fixed2x4, fixed4x3) or      : fixed2x2 mul(fixed2x4, fixed4x2) or      : fixed2x1 mul(fixed2x4, fixed4x1) or      : fixed2x4 mul(fixed2x3, fixed3x4) or      : fixed2x3 mul(fixed2x3, fixed3x3) or      : fixed2x2 mul(fixed2x3, fixed3x2) or      : fixed2x1 mul(fixed2x3, fixed3x1) or      : fixed2x4 mul(fixed2x2, fixed2x4) or      : fixed2x3 mul(fixed2x2, fixed2x3) or      : fixed2x2 mul(fixed2x2, fixed2x2) or      : fixed2x1 mul(fixed2x2, fixed2x1) or      : fixed2x4 mul(fixed2x1, fixed1x4) or      : fixed2x3 mul(fixed2x1, fixed1x3) or      : fixed2x2 mul(fixed2x1, fixed1x2) or      : fixed2x1 mul(fixed2x1, fixed1x1) or      : fixed1x4 mul(fixed1x4, fixed4x4) or      : fixed1x3 mul(fixed1x4, fixed4x3) or      : fixed1x2 mul(fixed1x4, fixed4x2) or      : fixed1x1 mul(fixed1x4, fixed4x1) or      : fixed1x4 mul(fixed1x3, fixed3x4) or      : fixed1x3 mul(fixed1x3, fixed3x3) or      : fixed1x2 mul(fixed1x3, fixed3x2) or      : fixed1x1 mul(fixed1x3, fixed3x1) or      : fixed1x4 mul(fixed1x2, fixed2x4) or      : fixed1x3 mul(fixed1x2, fixed2x3) or      : fixed1x2 mul(fixed1x2, fixed2x2) or      : fixed1x1 mul(fixed1x2, fixed2x1) or      : fixed1x4 mul(fixed1x1, fixed1x4) or      : fixed1x3 mul(fixed1x1, fixed1x3) or      : fixed1x2 mul(fixed1x1, fixed1x2) or      : fixed1x1 mul(fixed1x1, fixed1x1) or      : half4x4 mul(half4x4, half4x4) or      : half4x3 mul(half4x4, half4x3) or      : half4x2 mul(half4x4, half4x2) or      : half4x1 mul(half4x4, half4x1) or      : half4x4 mul(half4x3, half3x4) or      : half4x3 mul(half4x3, half3x3) or      : half4x2 mul(half4x3, half3x2) or      : half4x1 mul(half4x3, half3x1) or      : half4x4 mul(half4x2, half2x4) or      : half4x3 mul(half4x2, half2x3) or      : half4x2 mul(half4x2, half2x2) or      : half4x1 mul(half4x2, half2x1) or      : half4x4 mul(half4x1, half1x4) or      : half4x3 mul(half4x1, half1x3) or      : half4x2 mul(half4x1, half1x2) or      : half4x1 mul(half4x1, half1x1) or      : half3x4 mul(half3x4, half4x4) or      : half3x3 mul(half3x4, half4x3) or      : half3x2 mul(half3x4, half4x2) or      : half3x1 mul(half3x4, half4x1) or      : half3x4 mul(half3x3, half3x4) or      : half3x3 mul(half3x3, half3x3) or      : half3x2 mul(half3x3, half3x2) or      : half3x1 mul(half3x3, half3x1) or      : half3x4 mul(half3x2, half2x4) or      : half3x3 mul(half3x2, half2x3) or      : half3x2 mul(half3x2, half2x2) or      : half3x1 mul(half3x2, half2x1) or      : half3x4 mul(half3x1, half1x4) or      : half3x3 mul(half3x1, half1x3) or      : half3x2 mul(half3x1, half1x2) or      : half3x1 mul(half3x1, half1x1) or      : half2x4 mul(half2x4, half4x4) or      : half2x3 mul(half2x4, half4x3) or      : half2x2 mul(half2x4, half4x2) or      : half2x1 mul(half2x4, half4x1) or      : half2x4 mul(half2x3, half3x4) or      : half2x3 mul(half2x3, half3x3) or      : half2x2 mul(half2x3, half3x2) or      : half2x1 mul(half2x3, half3x1) or      : half2x4 mul(half2x2, half2x4) or      : half2x3 mul(half2x2, half2x3) or      : half2x2 mul(half2x2, half2x2) or      : half2x1 mul(half2x2, half2x1) or      : half2x4 mul(half2x1, half1x4) or      : half2x3 mul(half2x1, half1x3) or      : half2x2 mul(half2x1, half1x2) or      : half2x1 mul(half2x1, half1x1) or      : half1x4 mul(half1x4, half4x4) or      : half1x3 mul(half1x4, half4x3) or      : half1x2 mul(half1x4, half4x2) or      : half1x1 mul(half1x4, half4x1) or      : half1x4 mul(half1x3, half3x4) or      : half1x3 mul(half1x3, half3x3) or      : half1x2 mul(half1x3, half3x2) or      : half1x1 mul(half1x3, half3x1) or      : half1x4 mul(half1x2, half2x4) or      : half1x3 mul(half1x2, half2x3) or      : half1x2 mul(half1x2, half2x2) or      : half1x1 mul(half1x2, half2x1) or      : half1x4 mul(half1x1, half1x4) or      : half1x3 mul(half1x1, half1x3) or      : half1x2 mul(half1x1, half1x2) or      : half1x1 mul(half1x1, half1x1) or      : float4x4 mul(float4x4, float4x4) or      : float4x3 mul(float4x4, float4x3) or      : float4x2 mul(float4x4, float4x2) or      : float4x1 mul(float4x4, float4x1) or      : float4x4 mul(float4x3, float3x4) or      : float4x3 mul(float4x3, float3x3) or      : float4x2 mul(float4x3, float3x2) or      : float4x1 mul(float4x3, float3x1) or      : float4x4 mul(float4x2, float2x4) or      : float4x3 mul(float4x2, float2x3) or      : float4x2 mul(float4x2, float2x2) or      : float4x1 mul(float4x2, float2x1) or      : float4x4 mul(float4x1, float1x4) or      : float4x3 mul(float4x1, float1x3) or      : float4x2 mul(float4x1, float1x2) or      : float4x1 mul(float4x1, float1x1) or      : float3x4 mul(float3x4, float4x4) or      : float3x3 mul(float3x4, float4x3) or      : float3x2 mul(float3x4, float4x2) or      : float3x1 mul(float3x4, float4x1) or      : float3x4 mul(float3x3, float3x4) or      : float3x3 mul(float3x3, float3x3) or      : float3x2 mul(float3x3, float3x2) or      : float3x1 mul(float3x3, float3x1) or      : float3x4 mul(float3x2, float2x4) or      : float3x3 mul(float3x2, float2x3) or      : float3x2 mul(float3x2, float2x2) or      : float3x1 mul(float3x2, float2x1) or      : float3x4 mul(float3x1, float1x4) or      : float3x3 mul(float3x1, float1x3) or      : float3x2 mul(float3x1, float1x2) or      : float3x1 mul(float3x1, float1x1) or      : float2x4 mul(float2x4, float4x4) or      : float2x3 mul(float2x4, float4x3) or      : float2x2 mul(float2x4, float4x2) or      : float2x1 mul(float2x4, float4x1) or      : float2x4 mul(float2x3, float3x4) or      : float2x3 mul(float2x3, float3x3) or      : float2x2 mul(float2x3, float3x2) or      : float2x1 mul(float2x3, float3x1) or      : float2x4 mul(float2x2, float2x4) or      : float2x3 mul(float2x2, float2x3) or      : float2x2 mul(float2x2, float2x2) or      : float2x1 mul(float2x2, float2x1) or      : float2x4 mul(float2x1, float1x4) or      : float2x3 mul(float2x1, float1x3) or      : float2x2 mul(float2x1, float1x2) or      : float2x1 mul(float2x1, float1x1) or      : float1x4 mul(float1x4, float4x4) or      : float1x3 mul(float1x4, float4x3) or      : float1x2 mul(float1x4, float4x2) or      : float1x1 mul(float1x4, float4x1) or      : float1x4 mul(float1x3, float3x4) or      : float1x3 mul(float1x3, float3x3) or      : float1x2 mul(float1x3, float3x2) or      : float1x1 mul(float1x3, float3x1) or      : float1x4 mul(float1x2, float2x4) or      : float1x3 mul(float1x2, float2x3) or      : float1x2 mul(float1x2, float2x2) or      : float1x1 mul(float1x2, float2x1) or      : float1x4 mul(float1x1, float1x4) or      : float1x3 mul(float1x1, float1x3) or      : float1x2 mul(float1x1, float1x2) or      : float1x1 mul(float1x1, float1x1) or      : fixed mul(fixed, fixed1x1) or      : fixed mul(fixed2, fixed2x1) or      : fixed mul(fixed3, fixed3x1) or      : fixed mul(fixed4, fixed4x1) or      : fixed2 mul(fixed, fixed1x2) or      : fixed2 mul(fixed2, fixed2x2) or      : fixed2 mul(fixed3, fixed3x2) or      : fixed2 mul(fixed4, fixed4x2) or      : fixed3 mul(fixed, fixed1x3) or      : fixed3 mul(fixed2, fixed2x3) or      : fixed3 mul(fixed3, fixed3x3) or      : fixed3 mul(fixed4, fixed4x3) or      : fixed4 mul(fixed, fixed1x4) or      : fixed4 mul(fixed2, fixed2x4) or      : fixed4 mul(fixed3, fixed3x4) or      : fixed4 mul(fixed4, fixed4x4) or      : half mul(half, half1x1) or      : half mul(half2, half2x1) or      : half mul(half3, half3x1) or      : half mul(half4, half4x1) or      : half2 mul(half, half1x2) or      : half2 mul(half2, half2x2) or      : half2 mul(half3, half3x2) or      : half2 mul(half4, half4x2) or      : half3 mul(half, half1x3) or      : half3 mul(half2, half2x3) or      : half3 mul(half3, half3x3) or      : half3 mul(half4, half4x3) or      : half4 mul(half, half1x4) or      : half4 mul(half2, half2x4) or      : half4 mul(half3, half3x4) or      : half4 mul(half4, half4x4) or      : float mul(float, float1x1) or      : float mul(float2, float2x1) or      : float mul(float3, float3x1) or      : float mul(float4, float4x1) or      : float2 mul(float, float1x2) or      : float2 mul(float2, float2x2) or      : float2 mul(float3, float3x2) or      : float2 mul(float4, float4x2) or      : float3 mul(float, float1x3) or      : float3 mul(float2, float2x3) or      : float3 mul(float3, float3x3) or      : float3 mul(float4, float4x3) or      : float4 mul(float, float1x4) or      : float4 mul(float2, float2x4) or      : float4 mul(float3, float3x4) or      : float4 mul(float4, float4x4) or      : fixed mul(fixed1x1, fixed) or      : fixed mul(fixed1x2, fixed2) or      : fixed mul(fixed1x3, fixed3) or      : fixed mul(fixed1x4, fixed4) or      : fixed2 mul(fixed2x1, fixed) or      : fixed2 mul(fixed2x2, fixed2) or      : fixed2 mul(fixed2x3, fixed3) or      : fixed2 mul(fixed2x4, fixed4) or      : fixed3 mul(fixed3x1, fixed) or      : fixed3 mul(fixed3x2, fixed2) or      : fixed3 mul(fixed3x3, fixed3) or      : fixed3 mul(fixed3x4, fixed4) or      : fixed4 mul(fixed4x1, fixed) or      : fixed4 mul(fixed4x2, fixed2) or      : fixed4 mul(fixed4x3, fixed3) or      : fixed4 mul(fixed4x4, fixed4) or      : half mul(half1x1, half) or      : half mul(half1x2, half2) or      : half mul(half1x3, half3) or      : half mul(half1x4, half4) or      : half2 mul(half2x1, half) or      : half2 mul(half2x2, half2) or      : half2 mul(half2x3, half3) or      : half2 mul(half2x4, half4) or      : half3 mul(half3x1, half) or      : half3 mul(half3x2, half2) or      : half3 mul(half3x3, half3) or      : half3 mul(half3x4, half4) or      : half4 mul(half4x1, half) or      : half4 mul(half4x2, half2) or      : half4 mul(half4x3, half3) or      : half4 mul(half4x4, half4) or      : float mul(float1x1, float) or      : float mul(float1x2, float2) or      : float mul(float1x3, float3) or      : float mul(float1x4, float4) or      : float2 mul(float2x1, float) or      : float2 mul(float2x2, float2) or      : float2 mul(float2x3, float3) or      : float2 mul(float2x4, float4) or      : float3 mul(float3x1, float) or      : float3 mul(float3x2, float2) or      : float3 mul(float3x3, float3) or      : float3 mul(float3x4, float4) or      : float4 mul(float4x1, float) or      : float4 mul(float4x2, float2) or      : float4 mul(float4x3, float3) or      : float4 mul(float4x4, float4)\nCompiling Fragment program with UNITY_PASS_SHADOWCASTER SHADOWS_CUBE
Platform defines: UNITY_ENABLE_REFLECTION_BUFFERS UNITY_NO_SCREENSPACE_SHADOWS UNITY_PBS_USE_BRDF3 SHADER_API_MOBILE UNITY_COLORSPACE_GAMMA UNITY_LIGHTMAP_RGBM_ENCODING
  api=10 type=1 insize=2275 outsize=0 kw=UNITY_PASS_SHADOWCASTER SHADOWS_CUBE pd=UNITY_ENABLE_REFLECTION_BUFFERS UNITY_NO_SCREENSPACE_SHADOWS UNITY_PBS_USE_BRDF3 SHADER_API_MOBILE UNITY_COLORSPACE_GAMMA UNITY_LIGHTMAP_RGBM_ENCODING ok=0
Cmd: initializeCompiler
Cmd: initializeCompiler
Cmd: initializeCompiler
Cmd: compileSnippet
  api=10 type=0 insize=1813 outsize=1467 kw=UNITY_PASS_FORWARDBASE DIRECTIONAL LIGHTMAP_ON LIGHTMAP_SHADOW_MIXING LIGHTPROBE_SH _NORMALMAP _METALLICGLOSSMAP _VERTEXCOLOR _ALPHABLEND_ON pd=UNITY_ENABLE_REFLECTION_BUFFERS UNITY_NO_SCREENSPACE_SHADOWS UNITY_PBS_USE_BRDF3 SHADER_API_MOBILE UNITY_COLORSPACE_GAMMA UNITY_LIGHTMAP_RGBM_ENCODING ok=1
Cmd: compileSnippet
  api=10 type=0 insize=1813 outsize=1819 kw=UNITY_PASS_FORWARDBASE DIRECTIONAL SHADOWS_SCREEN LIGHTMAP_ON LIGHTMAP_SHADOW_MIXING LIGHTPROBE_SH _NORMALMAP _METALLICGLOSSMAP _VERTEXCOLOR _ALPHABLEND_ON pd=UNITY_ENABLE_REFLECTION_BUFFERS UNITY_NO_SCREENSPACE_SHADOWS UNITY_PBS_USE_BRDF3 SHADER_API_MOBILE UNITY_COLORSPACE_GAMMA UNITY_LIGHTMAP_RGBM_ENCODING ok=1
Cmd: compileSnippet
  api=10 type=0 insize=1813 outsize=1316 kw=UNITY_PASS_FORWARDBASE DIRECTIONAL LIGHTMAP_ON LIGHTMAP_SHADOW_MIXING LIGHTPROBE_SH LOD_FADE_CROSSFADE _VERTEXCOLOR_OFF pd=UNITY_ENABLE_REFLECTION_BUFFERS UNITY_NO_SCREENSPACE_SHADOWS UNITY_PBS_USE_BRDF3 SHADER_API_MOBILE UNITY_COLORSPACE_GAMMA UNITY_LIGHTMAP_RGBM_ENCODING ok=1
Cmd: compileSnippet
  api=10 type=0 insize=1813 outsize=1652 kw=UNITY_PASS_FORWARDBASE DIRECTIONAL SHADOWS_SCREEN LIGHTMAP_ON LIGHTMAP_SHADOW_MIXING LOD_FADE_CROSSFADE _VERTEXCOLOR_OFF pd=UNITY_ENABLE_REFLECTION_BUFFERS UNITY_NO_SCREENSPACE_SHADOWS UNITY_PBS_USE_BRDF3 SHADER_API_MOBILE UNITY_COLORSPACE_GAMMA UNITY_LIGHTMAP_RGBM_ENCODING ok=1
Cmd: compileSnippet
  api=10 type=0 insize=1627 outsize=1316 kw=UNITY_PASS_FORWARDBASE DIRECTIONAL LIGHTMAP_ON LIGHTMAP_SHADOW_MIXING _VERTEXCOLOR_OFF pd=UNITY_ENABLE_REFLECTION_BUFFERS UNITY_NO_SCREENSPACE_SHADOWS UNITY_PBS_USE_BRDF3 SHADER_API_MOBILE UNITY_COLORSPACE_GAMMA UNITY_LIGHTMAP_RGBM_ENCODING ok=1
Cmd: compileSnippet
  api=10 type=0 insize=1627 outsize=1652 kw=UNITY_PASS_FORWARDBASE DIRECTIONAL SHADOWS_SCREEN LIGHTMAP_ON LIGHTMAP_SHADOW_MIXING LIGHTPROBE_SH _VERTEXCOLOR_OFF pd=UNITY_ENABLE_REFLECTION_BUFFERS UNITY_NO_SCREENSPACE_SHADOWS UNITY_PBS_USE_BRDF3 SHADER_API_MOBILE UNITY_COLORSPACE_GAMMA UNITY_LIGHTMAP_RGBM_ENCODING ok=1
Cmd: compileSnippet
  api=10 type=0 insize=1813 outsize=1494 kw=UNITY_PASS_FORWARDBASE DIRECTIONAL LIGHTPROBE_SH _VERTEXCOLOR_OFF pd=UNITY_ENABLE_REFLECTION_BUFFERS UNITY_NO_SCREENSPACE_SHADOWS UNITY_PBS_USE_BRDF3 SHADER_API_MOBILE UNITY_COLORSPACE_GAMMA UNITY_LIGHTMAP_RGBM_ENCODING ok=1
Cmd: compileSnippet
  api=10 type=0 insize=1813 outsize=1402 kw=UNITY_PASS_FORWARDBASE DIRECTIONAL VERTEXLIGHT_ON _NORMALMAP _METALLICGLOSSMAP _VERTEXCOLOR _ALPHABLEND_ON pd=UNITY_ENABLE_REFLECTION_BUFFERS UNITY_NO_SCREENSPACE_SHADOWS UNITY_PBS_USE_BRDF3 SHADER_API_MOBILE UNITY_COLORSPACE_GAMMA UNITY_LIGHTMAP_RGBM_ENCODING ok=1
Cmd: compileSnippet
  api=10 type=0 insize=1813 outsize=2180 kw=UNITY_PASS_FORWARDBASE DIRECTIONAL SHADOWS_SCREEN LIGHTPROBE_SH VERTEXLIGHT_ON _VERTEXCOLOR_OFF pd=UNITY_ENABLE_REFLECTION_BUFFERS UNITY_NO_SCREENSPACE_SHADOWS UNITY_PBS_USE_BRDF3 SHADER_API_MOBILE UNITY_COLORSPACE_GAMMA UNITY_LIGHTMAP_RGBM_ENCODING ok=1
Cmd: compileSnippet
  api=10 type=0 insize=1813 outsize=1402 kw=UNITY_PASS_FORWARDBASE DIRECTIONAL SHADOWS_SCREEN LOD_FADE_CROSSFADE _NORMALMAP _METALLICGLOSSMAP _VERTEXCOLOR _ALPHABLEND_ON pd=UNITY_ENABLE_REFLECTION_BUFFERS UNITY_NO_SCREENSPACE_SHADOWS UNITY_PBS_USE_BRDF3 SHADER_API_MOBILE UNITY_COLORSPACE_GAMMA UNITY_LIGHTMAP_RGBM_ENCODING ok=1
Cmd: compileSnippet
  api=10 type=0 insize=1813 outsize=2395 kw=UNITY_PASS_FORWARDBASE DIRECTIONAL LIGHTPROBE_SH VERTEXLIGHT_ON LOD_FADE_CROSSFADE _NORMALMAP _METALLICGLOSSMAP _VERTEXCOLOR _ALPHABLEND_ON pd=UNITY_ENABLE_REFLECTION_BUFFERS UNITY_NO_SCREENSPACE_SHADOWS UNITY_PBS_USE_BRDF3 SHADER_API_MOBILE UNITY_COLORSPACE_GAMMA UNITY_LIGHTMAP_RGBM_ENCODING ok=1
Cmd: compileSnippet
  api=10 type=0 insize=1813 outsize=2180 kw=UNITY_PASS_FORWARDBASE DIRECTIONAL SHADOWS_SCREEN LIGHTMAP_SHADOW_MIXING LIGHTPROBE_SH VERTEXLIGHT_ON LOD_FADE_CROSSFADE _VERTEXCOLOR_OFF pd=UNITY_ENABLE_REFLECTION_BUFFERS UNITY_NO_SCREENSPACE_SHADOWS UNITY_PBS_USE_BRDF3 SHADER_API_MOBILE UNITY_COLORSPACE_GAMMA UNITY_LIGHTMAP_RGBM_ENCODING ok=1
Cmd: compileSnippet
  api=10 type=1 insize=1813 outsize=1434 kw=UNITY_PASS_FORWARDBASE DIRECTIONAL _VERTEXCOLOR_OFF pd=UNITY_ENABLE_REFLECTION_BUFFERS UNITY_NO_SCREENSPACE_SHADOWS UNITY_PBS_USE_BRDF3 SHADER_API_MOBILE UNITY_COLORSPACE_GAMMA UNITY_LIGHTMAP_RGBM_ENCODING ok=1
Cmd: compileSnippet
  api=10 type=1 insize=1813 outsize=1980 kw=UNITY_PASS_FORWARDBASE DIRECTIONAL LIGHTMAP_ON LIGHTMAP_SHADOW_MIXING LIGHTPROBE_SH _NORMALMAP _METALLICGLOSSMAP _VERTEXCOLOR _ALPHABLEND_ON pd=UNITY_ENABLE_REFLECTION_BUFFERS UNITY_NO_SCREENSPACE_SHADOWS UNITY_PBS_USE_BRDF3 SHADER_API_MOBILE UNITY_COLORSPACE_GAMMA UNITY_LIGHTMAP_RGBM_ENCODING ok=1
Cmd: compileSnippet
  api=10 type=1 insize=1813 outsize=2400 kw=UNITY_PASS_FORWARDBASE DIRECTIONAL SHADOWS_SCREEN LIGHTMAP_ON _NORMALMAP _METALLICGLOSSMAP _VERTEXCOLOR _ALPHABLEND_ON pd=UNITY_ENABLE_REFLECTION_BUFFERS UNITY_NO_SCREENSPACE_SHADOWS UNITY_PBS_USE_BRDF3 SHADER_API_MOBILE UNITY_COLORSPACE_GAMMA UNITY_LIGHTMAP_RGBM_ENCODING ok=1
Cmd: compileSnippet
  api=10 type=1 insize=1813 outsize=1780 kw=UNITY_PASS_FORWARDBASE DIRECTIONAL LOD_FADE_CROSSFADE _VERTEXCOLOR_OFF pd=UNITY_ENABLE_REFLECTION_BUFFERS UNITY_NO_SCREENSPACE_SHADOWS UNITY_PBS_USE_BRDF3 SHADER_API_MOBILE UNITY_COLORSPACE_GAMMA UNITY_LIGHTMAP_RGBM_ENCODING ok=1
Cmd: compileSnippet
  api=10 type=1 insize=1813 outsize=1942 kw=UNITY_PASS_FORWARDBASE DIRECTIONAL LIGHTMAP_ON LIGHTMAP_SHADOW_MIXING LOD_FADE_CROSSFADE _NORMALMAP _METALLICGLOSSMAP _VERTEXCOLOR _ALPHABLEND_ON pd=UNITY_ENABLE_REFLECTION_BUFFERS UNITY_NO_SCREENSPACE_SHADOWS UNITY_PBS_USE_BRDF3 SHADER_API_MOBILE UNITY_COLORSPACE_GAMMA UNITY_LIGHTMAP_RGBM_ENCODING ok=1
Cmd: compileSnippet
  api=10 type=1 insize=1813 outsize=3572 kw=UNITY_PASS_FORWARDBASE DIRECTIONAL SHADOWS_SCREEN LIGHTMAP_SHADOW_MIXING LIGHTPROBE_SH LOD_FADE_CROSSFADE _NORMALMAP _METALLICGLOSSMAP _VERTEXCOLOR _ALPHABLEND_ON pd=UNITY_ENABLE_REFLECTION_BUFFERS UNITY_NO_SCREENSPACE_SHADOWS UNITY_PBS_USE_BRDF3 SHADER_API_MOBILE UNITY_COLORSPACE_GAMMA UNITY_LIGHTMAP_RGBM_ENCODING ok=1
Cmd: compileSnippet
  api=10 type=1 insize=1813 outsize=2407 kw=UNITY_PASS_FORWARDBASE DIRECTIONAL SHADOWS_SCREEN LIGHTMAP_ON LIGHTMAP_SHADOW_MIXING LOD_FADE_CROSSFADE _VERTEXCOLOR_OFF pd=UNITY_ENABLE_REFLECTION_BUFFERS UNITY_NO_SCREENSPACE_SHADOWS UNITY_PBS_USE_BRDF3 SHADER_API_MOBILE UNITY_COLORSPACE_GAMMA UNITY_LIGHTMAP_RGBM_ENCODING ok=1
Cmd: compileSnippet
  api=10 type=0 insize=1635 outsize=1619 kw=UNITY_PASS_FORWARDADD SPOT _METALLICGLOSSMAP pd=UNITY_ENABLE_REFLECTION_BUFFERS UNITY_NO_SCREENSPACE_SHADOWS UNITY_PBS_USE_BRDF3 SHADER_API_MOBILE UNITY_COLORSPACE_GAMMA UNITY_LIGHTMAP_RGBM_ENCODING ok=1
Cmd: compileSnippet
  api=10 type=0 insize=1635 outsize=1539 kw=UNITY_PASS_FORWARDADD DIRECTIONAL_COOKIE _METALLICGLOSSMAP pd=UNITY_ENABLE_REFLECTION_BUFFERS UNITY_NO_SCREENSPACE_SHADOWS UNITY_PBS_USE_BRDF3 SHADER_API_MOBILE UNITY_COLORSPACE_GAMMA UNITY_LIGHTMAP_RGBM_ENCODING ok=1
Cmd: compileSnippet
  api=10 type=0 insize=1635 outsize=1619 kw=UNITY_PASS_FORWARDADD SPOT SHADOWS_DEPTH _METALLICGLOSSMAP pd=UNITY_ENABLE_REFLECTION_BUFFERS UNITY_NO_SCREENSPACE_SHADOWS UNITY_PBS_USE_BRDF3 SHADER_API_MOBILE UNITY_COLORSPACE_GAMMA UNITY_LIGHTMAP_RGBM_ENCODING ok=1
Cmd: compileSnippet
  api=10 type=0 insize=1635 outsize=1619 kw=UNITY_PASS_FORWARDADD SPOT SHADOWS_DEPTH LIGHTMAP_SHADOW_MIXING _METALLICGLOSSMAP pd=UNITY_ENABLE_REFLECTION_BUFFERS UNITY_NO_SCREENSPACE_SHADOWS UNITY_PBS_USE_BRDF3 SHADER_API_MOBILE UNITY_COLORSPACE_GAMMA UNITY_LIGHTMAP_RGBM_ENCODING ok=1
Cmd: compileSnippet
  api=10 type=0 insize=1635 outsize=1619 kw=UNITY_PASS_FORWARDADD SPOT SHADOWS_DEPTH LIGHTMAP_SHADOW_MIXING pd=UNITY_ENABLE_REFLECTION_BUFFERS UNITY_NO_SCREENSPACE_SHADOWS UNITY_PBS_USE_BRDF3 SHADER_API_MOBILE UNITY_COLORSPACE_GAMMA UNITY_LIGHTMAP_RGBM_ENCODING ok=1
Cmd: compileSnippet
  api=10 type=0 insize=1635 outsize=1539 kw=UNITY_PASS_FORWARDADD DIRECTIONAL_COOKIE SHADOWS_SCREEN _METALLICGLOSSMAP pd=UNITY_ENABLE_REFLECTION_BUFFERS UNITY_NO_SCREENSPACE_SHADOWS UNITY_PBS_USE_BRDF3 SHADER_API_MOBILE UNITY_COLORSPACE_GAMMA UNITY_LIGHTMAP_RGBM_ENCODING ok=1
Cmd: compileSnippet
  api=10 type=0 insize=1635 outsize=1507 kw=UNITY_PASS_FORWARDADD DIRECTIONAL SHADOWS_SCREEN LIGHTMAP_SHADOW_MIXING _NORMALMAP _METALLICGLOSSMAP _VERTEXCOLOR _ALPHABLEND_ON pd=UNITY_ENABLE_REFLECTION_BUFFERS UNITY_NO_SCREENSPACE_SHADOWS UNITY_PBS_USE_BRDF3 SHADER_API_MOBILE UNITY_COLORSPACE_GAMMA UNITY_LIGHTMAP_RGBM_ENCODING ok=1
Cmd: compileSnippet
  api=10 type=0 insize=1635 outsize=1555 kw=UNITY_PASS_FORWARDADD POINT SHADOWS_CUBE _METALLICGLOSSMAP _ALPHABLEND_ON pd=UNITY_ENABLE_REFLECTION_BUFFERS UNITY_NO_SCREENSPACE_SHADOWS UNITY_PBS_USE_BRDF3 SHADER_API_MOBILE UNITY_COLORSPACE_GAMMA UNITY_LIGHTMAP_RGBM_ENCODING ok=1
Cmd: compileSnippet
  api=10 type=0 insize=1635 outsize=1555 kw=UNITY_PASS_FORWARDADD POINT SHADOWS_CUBE LIGHTMAP_SHADOW_MIXING _METALLICGLOSSMAP pd=UNITY_ENABLE_REFLECTION_BUFFERS UNITY_NO_SCREENSPACE_SHADOWS UNITY_PBS_USE_BRDF3 SHADER_API_MOBILE UNITY_COLORSPACE_GAMMA UNITY_LIGHTMAP_RGBM_ENCODING ok=1
Cmd: compileSnippet
  api=10 type=0 insize=1635 outsize=1722 kw=UNITY_PASS_FORWARDADD POINT SHADOWS_CUBE SHADOWS_SOFT LIGHTMAP_SHADOW_MIXING _NORMALMAP _METALLICGLOSSMAP _VERTEXCOLOR _ALPHABLEND_ON pd=UNITY_ENABLE_REFLECTION_BUFFERS UNITY_NO_SCREENSPACE_SHADOWS UNITY_PBS_USE_BRDF3 SHADER_API_MOBILE UNITY_COLORSPACE_GAMMA UNITY_LIGHTMAP_RGBM_ENCODING ok=1
Cmd: compileSnippet
  api=10 type=0 insize=1635 outsize=1555 kw=UNITY_PASS_FORWARDADD POINT_COOKIE SHADOWS_CUBE SHADOWS_SOFT _METALLICGLOSSMAP _ALPHABLEND_ON pd=UNITY_ENABLE_REFLECTION_BUFFERS UNITY_NO_SCREENSPACE_SHADOWS UNITY_PBS_USE_BRDF3 SHADER_API_MOBILE UNITY_COLORSPACE_GAMMA UNITY_LIGHTMAP_RGBM_ENCODING ok=1
Cmd: compileSnippet
  api=10 type=0 insize=1635 outsize=1555 kw=UNITY_PASS_FORWARDADD POINT_COOKIE SHADOWS_CUBE SHADOWS_SOFT LIGHTMAP_SHADOW_MIXING _METALLICGLOSSMAP pd=UNITY_ENABLE_REFLECTION_BUFFERS UNITY_NO_SCREENSPACE_SHADOWS UNITY_PBS_USE_BRDF3 SHADER_API_MOBILE UNITY_COLORSPACE_GAMMA UNITY_LIGHTMAP_RGBM_ENCODING ok=1
Cmd: compileSnippet
  api=10 type=0 insize=1635 outsize=1722 kw=UNITY_PASS_FORWARDADD POINT _NORMALMAP _METALLICGLOSSMAP _VERTEXCOLOR _ALPHABLEND_ON pd=UNITY_ENABLE_REFLECTION_BUFFERS UNITY_NO_SCREENSPACE_SHADOWS UNITY_PBS_USE_BRDF3 SHADER_API_MOBILE UNITY_COLORSPACE_GAMMA UNITY_LIGHTMAP_RGBM_ENCODING ok=1
Cmd: compileSnippet
  api=10 type=0 insize=1635 outsize=1786 kw=UNITY_PASS_FORWARDADD SPOT LOD_FADE_CROSSFADE _NORMALMAP _METALLICGLOSSMAP _VERTEXCOLOR _ALPHABLEND_ON pd=UNITY_ENABLE_REFLECTION_BUFFERS UNITY_NO_SCREENSPACE_SHADOWS UNITY_PBS_USE_BRDF3 SHADER_API_MOBILE UNITY_COLORSPACE_GAMMA UNITY_LIGHTMAP_RGBM_ENCODING ok=1
Cmd: compileSnippet
  api=10 type=0 insize=1635 outsize=1714 kw=UNITY_PASS_FORWARDADD DIRECTIONAL_COOKIE LOD_FADE_CROSSFADE _NORMALMAP _METALLICGLOSSMAP _VERTEXCOLOR _ALPHABLEND_ON pd=UNITY_ENABLE_REFLECTION_BUFFERS UNITY_NO_SCREENSPACE_SHADOWS UNITY_PBS_USE_BRDF3 SHADER_API_MOBILE UNITY_COLORSPACE_GAMMA UNITY_LIGHTMAP_RGBM_ENCODING ok=1
Cmd: compileSnippet
  api=10 type=0 insize=1635 outsize=1619 kw=UNITY_PASS_FORWARDADD SPOT SHADOWS_DEPTH SHADOWS_SOFT LOD_FADE_CROSSFADE _METALLICGLOSSMAP _ALPHABLEND_ON pd=UNITY_ENABLE_REFLECTION_BUFFERS UNITY_NO_SCREENSPACE_SHADOWS UNITY_PBS_USE_BRDF3 SHADER_API_MOBILE UNITY_COLORSPACE_GAMMA UNITY_LIGHTMAP_RGBM_ENCODING ok=1
Cmd: compileSnippet
  api=10 type=0 insize=1635 outsize=1619 kw=UNITY_PASS_FORWARDADD SPOT SHADOWS_DEPTH LIGHTMAP_SHADOW_MIXING LOD_FADE_CROSSFADE pd=UNITY_ENABLE_REFLECTION_BUFFERS UNITY_NO_SCREENSPACE_SHADOWS UNITY_PBS_USE_BRDF3 SHADER_API_MOBILE UNITY_COLORSPACE_GAMMA UNITY_LIGHTMAP_RGBM_ENCODING ok=1
Cmd: compileSnippet
  api=10 type=0 insize=1635 outsize=1348 kw=UNITY_PASS_FORWARDADD DIRECTIONAL SHADOWS_SCREEN LOD_FADE_CROSSFADE _METALLICGLOSSMAP _ALPHABLEND_ON pd=UNITY_ENABLE_REFLECTION_BUFFERS UNITY_NO_SCREENSPACE_SHADOWS UNITY_PBS_USE_BRDF3 SHADER_API_MOBILE UNITY_COLORSPACE_GAMMA UNITY_LIGHTMAP_RGBM_ENCODING ok=1
Cmd: compileSnippet
  api=10 type=0 insize=1635 outsize=1348 kw=UNITY_PASS_FORWARDADD DIRECTIONAL SHADOWS_SCREEN LIGHTMAP_SHADOW_MIXING LOD_FADE_CROSSFADE _METALLICGLOSSMAP pd=UNITY_ENABLE_REFLECTION_BUFFERS UNITY_NO_SCREENSPACE_SHADOWS UNITY_PBS_USE_BRDF3 SHADER_API_MOBILE UNITY_COLORSPACE_GAMMA UNITY_LIGHTMAP_RGBM_ENCODING ok=1
Cmd: compileSnippet
  api=10 type=0 insize=1635 outsize=1539 kw=UNITY_PASS_FORWARDADD DIRECTIONAL_COOKIE SHADOWS_SCREEN LIGHTMAP_SHADOW_MIXING LOD_FADE_CROSSFADE pd=UNITY_ENABLE_REFLECTION_BUFFERS UNITY_NO_SCREENSPACE_SHADOWS UNITY_PBS_USE_BRDF3 SHADER_API_MOBILE UNITY_COLORSPACE_GAMMA UNITY_LIGHTMAP_RGBM_ENCODING ok=1
Cmd: compileSnippet
  api=10 type=0 insize=1635 outsize=1555 kw=UNITY_PASS_FORWARDADD POINT SHADOWS_CUBE SHADOWS_SOFT LOD_FADE_CROSSFADE _METALLICGLOSSMAP _ALPHABLEND_ON pd=UNITY_ENABLE_REFLECTION_BUFFERS UNITY_NO_SCREENSPACE_SHADOWS UNITY_PBS_USE_BRDF3 SHADER_API_MOBILE UNITY_COLORSPACE_GAMMA UNITY_LIGHTMAP_RGBM_ENCODING ok=1
Cmd: compileSnippet
  api=10 type=0 insize=1635 outsize=1555 kw=UNITY_PASS_FORWARDADD POINT SHADOWS_CUBE SHADOWS_SOFT LIGHTMAP_SHADOW_MIXING LOD_FADE_CROSSFADE _METALLICGLOSSMAP pd=UNITY_ENABLE_REFLECTION_BUFFERS UNITY_NO_SCREENSPACE_SHADOWS UNITY_PBS_USE_BRDF3 SHADER_API_MOBILE UNITY_COLORSPACE_GAMMA UNITY_LIGHTMAP_RGBM_ENCODING ok=1
Cmd: compileSnippet
  api=10 type=0 insize=1635 outsize=1555 kw=UNITY_PASS_FORWARDADD POINT_COOKIE SHADOWS_CUBE LOD_FADE_CROSSFADE _METALLICGLOSSMAP _ALPHABLEND_ON pd=UNITY_ENABLE_REFLECTION_BUFFERS UNITY_NO_SCREENSPACE_SHADOWS UNITY_PBS_USE_BRDF3 SHADER_API_MOBILE UNITY_COLORSPACE_GAMMA UNITY_LIGHTMAP_RGBM_ENCODING ok=1
Cmd: compileSnippet
  api=10 type=0 insize=1635 outsize=1722 kw=UNITY_PASS_FORWARDADD POINT_COOKIE SHADOWS_CUBE SHADOWS_SOFT LOD_FADE_CROSSFADE _NORMALMAP _METALLICGLOSSMAP _VERTEXCOLOR _ALPHABLEND_ON pd=UNITY_ENABLE_REFLECTION_BUFFERS UNITY_NO_SCREENSPACE_SHADOWS UNITY_PBS_USE_BRDF3 SHADER_API_MOBILE UNITY_COLORSPACE_GAMMA UNITY_LIGHTMAP_RGBM_ENCODING ok=1
Cmd: compileSnippet
  api=10 type=0 insize=1635 outsize=1555 kw=UNITY_PASS_FORWARDADD POINT_COOKIE SHADOWS_CUBE SHADOWS_SOFT LIGHTMAP_SHADOW_MIXING LOD_FADE_CROSSFADE _METALLICGLOSSMAP pd=UNITY_ENABLE_REFLECTION_BUFFERS UNITY_NO_SCREENSPACE_SHADOWS UNITY_PBS_USE_BRDF3 SHADER_API_MOBILE UNITY_COLORSPACE_GAMMA UNITY_LIGHTMAP_RGBM_ENCODING ok=1
Cmd: compileSnippet
  api=10 type=1 insize=1635 outsize=914 kw=UNITY_PASS_FORWARDADD DIRECTIONAL pd=UNITY_ENABLE_REFLECTION_BUFFERS UNITY_NO_SCREENSPACE_SHADOWS UNITY_PBS_USE_BRDF3 SHADER_API_MOBILE UNITY_COLORSPACE_GAMMA UNITY_LIGHTMAP_RGBM_ENCODING ok=1
Cmd: compileSnippet
  api=10 type=1 insize=1635 outsize=1066 kw=UNITY_PASS_FORWARDADD DIRECTIONAL_COOKIE _METALLICGLOSSMAP pd=UNITY_ENABLE_REFLECTION_BUFFERS UNITY_NO_SCREENSPACE_SHADOWS UNITY_PBS_USE_BRDF3 SHADER_API_MOBILE UNITY_COLORSPACE_GAMMA UNITY_LIGHTMAP_RGBM_ENCODING ok=1
Cmd: compileSnippet
  api=10 type=1 insize=1635 outsize=1077 kw=UNITY_PASS_FORWARDADD DIRECTIONAL_COOKIE pd=UNITY_ENABLE_REFLECTION_BUFFERS UNITY_NO_SCREENSPACE_SHADOWS UNITY_PBS_USE_BRDF3 SHADER_API_MOBILE UNITY_COLORSPACE_GAMMA UNITY_LIGHTMAP_RGBM_ENCODING ok=1
Cmd: compileSnippet
  api=10 type=1 insize=1635 outsize=2523 kw=UNITY_PASS_FORWARDADD SPOT SHADOWS_DEPTH SHADOWS_SOFT _METALLICGLOSSMAP _ALPHABLEND_ON pd=UNITY_ENABLE_REFLECTION_BUFFERS UNITY_NO_SCREENSPACE_SHADOWS UNITY_PBS_USE_BRDF3 SHADER_API_MOBILE UNITY_COLORSPACE_GAMMA UNITY_LIGHTMAP_RGBM_ENCODING ok=1
Cmd: compileSnippet
  api=10 type=1 insize=1635 outsize=2499 kw=UNITY_PASS_FORWARDADD SPOT SHADOWS_DEPTH SHADOWS_SOFT LIGHTMAP_SHADOW_MIXING _METALLICGLOSSMAP pd=UNITY_ENABLE_REFLECTION_BUFFERS UNITY_NO_SCREENSPACE_SHADOWS UNITY_PBS_USE_BRDF3 SHADER_API_MOBILE UNITY_COLORSPACE_GAMMA UNITY_LIGHTMAP_RGBM_ENCODING ok=1
Cmd: compileSnippet
  api=10 type=1 insize=1635 outsize=1724 kw=UNITY_PASS_FORWARDADD DIRECTIONAL SHADOWS_SCREEN _NORMALMAP _METALLICGLOSSMAP _VERTEXCOLOR _ALPHABLEND_ON pd=UNITY_ENABLE_REFLECTION_BUFFERS UNITY_NO_SCREENSPACE_SHADOWS UNITY_PBS_USE_BRDF3 SHADER_API_MOBILE UNITY_COLORSPACE_GAMMA UNITY_LIGHTMAP_RGBM_ENCODING ok=1
Cmd: compileSnippet
  api=10 type=1 insize=1635 outsize=1589 kw=UNITY_PASS_FORWARDADD DIRECTIONAL SHADOWS_SCREEN LIGHTMAP_SHADOW_MIXING _METALLICGLOSSMAP _ALPHABLEND_ON pd=UNITY_ENABLE_REFLECTION_BUFFERS UNITY_NO_SCREENSPACE_SHADOWS UNITY_PBS_USE_BRDF3 SHADER_API_MOBILE UNITY_COLORSPACE_GAMMA UNITY_LIGHTMAP_RGBM_ENCODING ok=1
Cmd: compileSnippet
  api=10 type=1 insize=1635 outsize=1823 kw=UNITY_PASS_FORWARDADD POINT SHADOWS_CUBE _METALLICGLOSSMAP pd=UNITY_ENABLE_REFLECTION_BUFFERS UNITY_NO_SCREENSPACE_SHADOWS UNITY_PBS_USE_BRDF3 SHADER_API_MOBILE UNITY_COLORSPACE_GAMMA UNITY_LIGHTMAP_RGBM_ENCODING ok=1
Cmd: compileSnippet
  api=10 type=1 insize=1635 outsize=2015 kw=UNITY_PASS_FORWARDADD POINT SHADOWS_CUBE SHADOWS_SOFT _METALLICGLOSSMAP _ALPHABLEND_ON pd=UNITY_ENABLE_REFLECTION_BUFFERS UNITY_NO_SCREENSPACE_SHADOWS UNITY_PBS_USE_BRDF3 SHADER_API_MOBILE UNITY_COLORSPACE_GAMMA UNITY_LIGHTMAP_RGBM_ENCODING ok=1
Cmd: compileSnippet
  api=10 type=1 insize=1635 outsize=2007 kw=UNITY_PASS_FORWARDADD POINT SHADOWS_CUBE SHADOWS_SOFT LIGHTMAP_SHADOW_MIXING _METALLICGLOSSMAP pd=UNITY_ENABLE_REFLECTION_BUFFERS UNITY_NO_SCREENSPACE_SHADOWS UNITY_PBS_USE_BRDF3 SHADER_API_MOBILE UNITY_COLORSPACE_GAMMA UNITY_LIGHTMAP_RGBM_ENCODING ok=1
Cmd: compileSnippet
  api=10 type=1 insize=1635 outsize=1906 kw=UNITY_PASS_FORWARDADD POINT_COOKIE SHADOWS_CUBE pd=UNITY_ENABLE_REFLECTION_BUFFERS UNITY_NO_SCREENSPACE_SHADOWS UNITY_PBS_USE_BRDF3 SHADER_API_MOBILE UNITY_COLORSPACE_GAMMA UNITY_LIGHTMAP_RGBM_ENCODING ok=1
Cmd: compileSnippet
  api=10 type=1 insize=1635 outsize=2134 kw=UNITY_PASS_FORWARDADD POINT_COOKIE SHADOWS_CUBE LIGHTMAP_SHADOW_MIXING _NORMALMAP _METALLICGLOSSMAP _VERTEXCOLOR _ALPHABLEND_ON pd=UNITY_ENABLE_REFLECTION_BUFFERS UNITY_NO_SCREENSPACE_SHADOWS UNITY_PBS_USE_BRDF3 SHADER_API_MOBILE UNITY_COLORSPACE_GAMMA UNITY_LIGHTMAP_RGBM_ENCODING ok=1
Cmd: compileSnippet
  api=10 type=1 insize=1635 outsize=1122 kw=UNITY_PASS_FORWARDADD POINT _METALLICGLOSSMAP pd=UNITY_ENABLE_REFLECTION_BUFFERS UNITY_NO_SCREENSPACE_SHADOWS UNITY_PBS_USE_BRDF3 SHADER_API_MOBILE UNITY_COLORSPACE_GAMMA UNITY_LIGHTMAP_RGBM_ENCODING ok=1
Cmd: compileSnippet
  api=10 type=1 insize=1635 outsize=1188 kw=UNITY_PASS_FORWARDADD DIRECTIONAL LOD_FADE_CROSSFADE pd=UNITY_ENABLE_REFLECTION_BUFFERS UNITY_NO_SCREENSPACE_SHADOWS UNITY_PBS_USE_BRDF3 SHADER_API_MOBILE UNITY_COLORSPACE_GAMMA UNITY_LIGHTMAP_RGBM_ENCODING ok=1
Cmd: compileSnippet
  api=10 type=1 insize=1635 outsize=1683 kw=UNITY_PASS_FORWARDADD POINT_COOKIE LOD_FADE_CROSSFADE _NORMALMAP _METALLICGLOSSMAP _VERTEXCOLOR _ALPHABLEND_ON pd=UNITY_ENABLE_REFLECTION_BUFFERS UNITY_NO_SCREENSPACE_SHADOWS UNITY_PBS_USE_BRDF3 SHADER_API_MOBILE UNITY_COLORSPACE_GAMMA UNITY_LIGHTMAP_RGBM_ENCODING ok=1
Cmd: compileSnippet
  api=10 type=1 insize=1635 outsize=2877 kw=UNITY_PASS_FORWARDADD SPOT SHADOWS_DEPTH LOD_FADE_CROSSFADE _NORMALMAP _METALLICGLOSSMAP _VERTEXCOLOR _ALPHABLEND_ON pd=UNITY_ENABLE_REFLECTION_BUFFERS UNITY_NO_SCREENSPACE_SHADOWS UNITY_PBS_USE_BRDF3 SHADER_API_MOBILE UNITY_COLORSPACE_GAMMA UNITY_LIGHTMAP_RGBM_ENCODING ok=1
Cmd: compileSnippet
  api=10 type=1 insize=1635 outsize=2662 kw=UNITY_PASS_FORWARDADD SPOT SHADOWS_DEPTH LIGHTMAP_SHADOW_MIXING LOD_FADE_CROSSFADE _METALLICGLOSSMAP _ALPHABLEND_ON pd=UNITY_ENABLE_REFLECTION_BUFFERS UNITY_NO_SCREENSPACE_SHADOWS UNITY_PBS_USE_BRDF3 SHADER_API_MOBILE UNITY_COLORSPACE_GAMMA UNITY_LIGHTMAP_RGBM_ENCODING ok=1
Cmd: compileSnippet
  api=10 type=1 insize=1635 outsize=2075 kw=UNITY_PASS_FORWARDADD DIRECTIONAL SHADOWS_SCREEN LOD_FADE_CROSSFADE _METALLICGLOSSMAP pd=UNITY_ENABLE_REFLECTION_BUFFERS UNITY_NO_SCREENSPACE_SHADOWS UNITY_PBS_USE_BRDF3 SHADER_API_MOBILE UNITY_COLORSPACE_GAMMA UNITY_LIGHTMAP_RGBM_ENCODING ok=1
Cmd: compileSnippet
  api=10 type=1 insize=1635 outsize=2458 kw=UNITY_PASS_FORWARDADD DIRECTIONAL_COOKIE SHADOWS_SCREEN LOD_FADE_CROSSFADE _METALLICGLOSSMAP pd=UNITY_ENABLE_REFLECTION_BUFFERS UNITY_NO_SCREENSPACE_SHADOWS UNITY_PBS_USE_BRDF3 SHADER_API_MOBILE UNITY_COLORSPACE_GAMMA UNITY_LIGHTMAP_RGBM_ENCODING ok=1
Cmd: compileSnippet
  api=10 type=1 insize=1635 outsize=2354 kw=UNITY_PASS_FORWARDADD DIRECTIONAL SHADOWS_SCREEN LIGHTMAP_SHADOW_MIXING LOD_FADE_CROSSFADE _NORMALMAP _METALLICGLOSSMAP _VERTEXCOLOR _ALPHABLEND_ON pd=UNITY_ENABLE_REFLECTION_BUFFERS UNITY_NO_SCREENSPACE_SHADOWS UNITY_PBS_USE_BRDF3 SHADER_API_MOBILE UNITY_COLORSPACE_GAMMA UNITY_LIGHTMAP_RGBM_ENCODING ok=1
Cmd: compileSnippet
  api=10 type=1 insize=1635 outsize=2129 kw=UNITY_PASS_FORWARDADD POINT SHADOWS_CUBE LOD_FADE_CROSSFADE _METALLICGLOSSMAP _ALPHABLEND_ON pd=UNITY_ENABLE_REFLECTION_BUFFERS UNITY_NO_SCREENSPACE_SHADOWS UNITY_PBS_USE_BRDF3 SHADER_API_MOBILE UNITY_COLORSPACE_GAMMA UNITY_LIGHTMAP_RGBM_ENCODING ok=1
Cmd: compileSnippet
  api=10 type=1 insize=1635 outsize=2153 kw=UNITY_PASS_FORWARDADD POINT SHADOWS_CUBE LIGHTMAP_SHADOW_MIXING LOD_FADE_CROSSFADE _METALLICGLOSSMAP pd=UNITY_ENABLE_REFLECTION_BUFFERS UNITY_NO_SCREENSPACE_SHADOWS UNITY_PBS_USE_BRDF3 SHADER_API_MOBILE UNITY_COLORSPACE_GAMMA UNITY_LIGHTMAP_RGBM_ENCODING ok=1
Cmd: compileSnippet
  api=10 type=1 insize=1635 outsize=2292 kw=UNITY_PASS_FORWARDADD POINT SHADOWS_CUBE SHADOWS_SOFT LIGHTMAP_SHADOW_MIXING LOD_FADE_CROSSFADE pd=UNITY_ENABLE_REFLECTION_BUFFERS UNITY_NO_SCREENSPACE_SHADOWS UNITY_PBS_USE_BRDF3 SHADER_API_MOBILE UNITY_COLORSPACE_GAMMA UNITY_LIGHTMAP_RGBM_ENCODING ok=1
Cmd: compileSnippet
  api=10 type=1 insize=1635 outsize=2560 kw=UNITY_PASS_FORWARDADD POINT_COOKIE SHADOWS_CUBE SHADOWS_SOFT LOD_FADE_CROSSFADE _NORMALMAP _METALLICGLOSSMAP _VERTEXCOLOR _ALPHABLEND_ON pd=UNITY_ENABLE_REFLECTION_BUFFERS UNITY_NO_SCREENSPACE_SHADOWS UNITY_PBS_USE_BRDF3 SHADER_API_MOBILE UNITY_COLORSPACE_GAMMA UNITY_LIGHTMAP_RGBM_ENCODING ok=1
Cmd: compileSnippet
  api=10 type=1 insize=1635 outsize=2576 kw=UNITY_PASS_FORWARDADD POINT_COOKIE SHADOWS_CUBE SHADOWS_SOFT LIGHTMAP_SHADOW_MIXING LOD_FADE_CROSSFADE _NORMALMAP _METALLICGLOSSMAP _VERTEXCOLOR _ALPHABLEND_ON pd=UNITY_ENABLE_REFLECTION_BUFFERS UNITY_NO_SCREENSPACE_SHADOWS UNITY_PBS_USE_BRDF3 SHADER_API_MOBILE UNITY_COLORSPACE_GAMMA UNITY_LIGHTMAP_RGBM_ENCODING ok=1
Cmd: compileSnippet
  api=10 type=0 insize=1442 outsize=906 kw=UNITY_PASS_SHADOWCASTER SHADOWS_DEPTH _METALLICGLOSSMAP pd=UNITY_ENABLE_REFLECTION_BUFFERS UNITY_NO_SCREENSPACE_SHADOWS UNITY_PBS_USE_BRDF3 SHADER_API_MOBILE UNITY_COLORSPACE_GAMMA UNITY_LIGHTMAP_RGBM_ENCODING ok=1
Cmd: compileSnippet
  api=10 type=1 insize=1442 outsize=776 kw=UNITY_PASS_SHADOWCASTER SHADOWS_CUBE LOD_FADE_CROSSFADE _METALLICGLOSSMAP pd=UNITY_ENABLE_REFLECTION_BUFFERS UNITY_NO_SCREENSPACE_SHADOWS UNITY_PBS_USE_BRDF3 SHADER_API_MOBILE UNITY_COLORSPACE_GAMMA UNITY_LIGHTMAP_RGBM_ENCODING ok=1
Cmd: compileSnippet
  api=10 type=1 insize=1442 outsize=903 kw=UNITY_PASS_SHADOWCASTER SHADOWS_CUBE LOD_FADE_CROSSFADE _METALLICGLOSSMAP _ALPHABLEND_ON pd=UNITY_ENABLE_REFLECTION_BUFFERS UNITY_NO_SCREENSPACE_SHADOWS UNITY_PBS_USE_BRDF3 SHADER_API_MOBILE UNITY_COLORSPACE_GAMMA UNITY_LIGHTMAP_RGBM_ENCODING ok=1
Cmd: compileSnippet
  api=10 type=0 insize=1627 outsize=1494 kw=UNITY_PASS_FORWARDBASE DIRECTIONAL LIGHTPROBE_SH _VERTEXCOLOR_OFF pd=UNITY_ENABLE_REFLECTION_BUFFERS UNITY_NO_SCREENSPACE_SHADOWS UNITY_PBS_USE_BRDF3 SHADER_API_MOBILE UNITY_COLORSPACE_GAMMA UNITY_LIGHTMAP_RGBM_ENCODING ok=1
Cmd: compileSnippet
  api=10 type=0 insize=1627 outsize=1494 kw=UNITY_PASS_FORWARDBASE DIRECTIONAL SHADOWS_SCREEN LIGHTMAP_SHADOW_MIXING LIGHTPROBE_SH _VERTEXCOLOR_OFF pd=UNITY_ENABLE_REFLECTION_BUFFERS UNITY_NO_SCREENSPACE_SHADOWS UNITY_PBS_USE_BRDF3 SHADER_API_MOBILE UNITY_COLORSPACE_GAMMA UNITY_LIGHTMAP_RGBM_ENCODING ok=1
Cmd: compileSnippet
  api=10 type=0 insize=1627 outsize=2180 kw=UNITY_PASS_FORWARDBASE DIRECTIONAL SHADOWS_SCREEN LIGHTPROBE_SH VERTEXLIGHT_ON _VERTEXCOLOR_OFF pd=UNITY_ENABLE_REFLECTION_BUFFERS UNITY_NO_SCREENSPACE_SHADOWS UNITY_PBS_USE_BRDF3 SHADER_API_MOBILE UNITY_COLORSPACE_GAMMA UNITY_LIGHTMAP_RGBM_ENCODING ok=1
Cmd: compileSnippet
  api=10 type=1 insize=1627 outsize=2362 kw=UNITY_PASS_FORWARDBASE DIRECTIONAL LIGHTMAP_ON LIGHTPROBE_SH _NORMALMAP _METALLICGLOSSMAP _VERTEXCOLOR _ALPHABLEND_ON pd=UNITY_ENABLE_REFLECTION_BUFFERS UNITY_NO_SCREENSPACE_SHADOWS UNITY_PBS_USE_BRDF3 SHADER_API_MOBILE UNITY_COLORSPACE_GAMMA UNITY_LIGHTMAP_RGBM_ENCODING ok=1
Cmd: compileSnippet
  api=10 type=1 insize=1627 outsize=2589 kw=UNITY_PASS_FORWARDBASE DIRECTIONAL SHADOWS_SCREEN LIGHTPROBE_SH _VERTEXCOLOR_OFF pd=UNITY_ENABLE_REFLECTION_BUFFERS UNITY_NO_SCREENSPACE_SHADOWS UNITY_PBS_USE_BRDF3 SHADER_API_MOBILE UNITY_COLORSPACE_GAMMA UNITY_LIGHTMAP_RGBM_ENCODING ok=1
Cmd: compileSnippet
  api=10 type=1 insize=1627 outsize=2896 kw=UNITY_PASS_FORWARDBASE DIRECTIONAL SHADOWS_SCREEN LIGHTMAP_ON LIGHTPROBE_SH _NORMALMAP _METALLICGLOSSMAP _VERTEXCOLOR _ALPHABLEND_ON pd=UNITY_ENABLE_REFLECTION_BUFFERS UNITY_NO_SCREENSPACE_SHADOWS UNITY_PBS_USE_BRDF3 SHADER_API_MOBILE UNITY_COLORSPACE_GAMMA UNITY_LIGHTMAP_RGBM_ENCODING ok=1
Cmd: compileSnippet
  api=10 type=0 insize=1455 outsize=1619 kw=UNITY_PASS_FORWARDADD SPOT _METALLICGLOSSMAP _ALPHABLEND_ON pd=UNITY_ENABLE_REFLECTION_BUFFERS UNITY_NO_SCREENSPACE_SHADOWS UNITY_PBS_USE_BRDF3 SHADER_API_MOBILE UNITY_COLORSPACE_GAMMA UNITY_LIGHTMAP_RGBM_ENCODING ok=1
Cmd: compileSnippet
  api=10 type=0 insize=1455 outsize=1722 kw=UNITY_PASS_FORWARDADD POINT_COOKIE _NORMALMAP _METALLICGLOSSMAP _VERTEXCOLOR _ALPHABLEND_ON pd=UNITY_ENABLE_REFLECTION_BUFFERS UNITY_NO_SCREENSPACE_SHADOWS UNITY_PBS_USE_BRDF3 SHADER_API_MOBILE UNITY_COLORSPACE_GAMMA UNITY_LIGHTMAP_RGBM_ENCODING ok=1
Cmd: compileSnippet
  api=10 type=0 insize=1455 outsize=1786 kw=UNITY_PASS_FORWARDADD SPOT SHADOWS_DEPTH _NORMALMAP _METALLICGLOSSMAP _VERTEXCOLOR _ALPHABLEND_ON pd=UNITY_ENABLE_REFLECTION_BUFFERS UNITY_NO_SCREENSPACE_SHADOWS UNITY_PBS_USE_BRDF3 SHADER_API_MOBILE UNITY_COLORSPACE_GAMMA UNITY_LIGHTMAP_RGBM_ENCODING ok=1
Cmd: compileSnippet
  api=10 type=0 insize=1455 outsize=1619 kw=UNITY_PASS_FORWARDADD SPOT SHADOWS_DEPTH LIGHTMAP_SHADOW_MIXING _METALLICGLOSSMAP pd=UNITY_ENABLE_REFLECTION_BUFFERS UNITY_NO_SCREENSPACE_SHADOWS UNITY_PBS_USE_BRDF3 SHADER_API_MOBILE UNITY_COLORSPACE_GAMMA UNITY_LIGHTMAP_RGBM_ENCODING ok=1
Cmd: compileSnippet
  api=10 type=0 insize=1455 outsize=1619 kw=UNITY_PASS_FORWARDADD SPOT SHADOWS_DEPTH SHADOWS_SOFT LIGHTMAP_SHADOW_MIXING pd=UNITY_ENABLE_REFLECTION_BUFFERS UNITY_NO_SCREENSPACE_SHADOWS UNITY_PBS_USE_BRDF3 SHADER_API_MOBILE UNITY_COLORSPACE_GAMMA UNITY_LIGHTMAP_RGBM_ENCODING ok=1
Cmd: compileSnippet
  api=10 type=0 insize=1455 outsize=1348 kw=UNITY_PASS_FORWARDADD DIRECTIONAL SHADOWS_SCREEN LIGHTMAP_SHADOW_MIXING _METALLICGLOSSMAP pd=UNITY_ENABLE_REFLECTION_BUFFERS UNITY_NO_SCREENSPACE_SHADOWS UNITY_PBS_USE_BRDF3 SHADER_API_MOBILE UNITY_COLORSPACE_GAMMA UNITY_LIGHTMAP_RGBM_ENCODING ok=1
Cmd: compileSnippet
  api=10 type=0 insize=1455 outsize=1714 kw=UNITY_PASS_FORWARDADD DIRECTIONAL_COOKIE SHADOWS_SCREEN LIGHTMAP_SHADOW_MIXING _NORMALMAP _METALLICGLOSSMAP _VERTEXCOLOR _ALPHABLEND_ON pd=UNITY_ENABLE_REFLECTION_BUFFERS UNITY_NO_SCREENSPACE_SHADOWS UNITY_PBS_USE_BRDF3 SHADER_API_MOBILE UNITY_COLORSPACE_GAMMA UNITY_LIGHTMAP_RGBM_ENCODING ok=1
Cmd: compileSnippet
  api=10 type=0 insize=1455 outsize=1555 kw=UNITY_PASS_FORWARDADD POINT SHADOWS_CUBE SHADOWS_SOFT _METALLICGLOSSMAP _ALPHABLEND_ON pd=UNITY_ENABLE_REFLECTION_BUFFERS UNITY_NO_SCREENSPACE_SHADOWS UNITY_PBS_USE_BRDF3 SHADER_API_MOBILE UNITY_COLORSPACE_GAMMA UNITY_LIGHTMAP_RGBM_ENCODING ok=1
Cmd: compileSnippet
  api=10 type=0 insize=1455 outsize=1555 kw=UNITY_PASS_FORWARDADD POINT SHADOWS_CUBE SHADOWS_SOFT LIGHTMAP_SHADOW_MIXING _METALLICGLOSSMAP _ALPHABLEND_ON pd=UNITY_ENABLE_REFLECTION_BUFFERS UNITY_NO_SCREENSPACE_SHADOWS UNITY_PBS_USE_BRDF3 SHADER_API_MOBILE UNITY_COLORSPACE_GAMMA UNITY_LIGHTMAP_RGBM_ENCODING ok=1
Cmd: compileSnippet
  api=10 type=0 insize=1455 outsize=1555 kw=UNITY_PASS_FORWARDADD POINT_COOKIE SHADOWS_CUBE SHADOWS_SOFT _METALLICGLOSSMAP _ALPHABLEND_ON pd=UNITY_ENABLE_REFLECTION_BUFFERS UNITY_NO_SCREENSPACE_SHADOWS UNITY_PBS_USE_BRDF3 SHADER_API_MOBILE UNITY_COLORSPACE_GAMMA UNITY_LIGHTMAP_RGBM_ENCODING ok=1
Cmd: compileSnippet
  api=10 type=0 insize=1455 outsize=1555 kw=UNITY_PASS_FORWARDADD POINT_COOKIE SHADOWS_CUBE SHADOWS_SOFT LIGHTMAP_SHADOW_MIXING _METALLICGLOSSMAP pd=UNITY_ENABLE_REFLECTION_BUFFERS UNITY_NO_SCREENSPACE_SHADOWS UNITY_PBS_USE_BRDF3 SHADER_API_MOBILE UNITY_COLORSPACE_GAMMA UNITY_LIGHTMAP_RGBM_ENCODING ok=1
Cmd: compileSnippet
  api=10 type=1 insize=1455 outsize=914 kw=UNITY_PASS_FORWARDADD DIRECTIONAL pd=UNITY_ENABLE_REFLECTION_BUFFERS UNITY_NO_SCREENSPACE_SHADOWS UNITY_PBS_USE_BRDF3 SHADER_API_MOBILE UNITY_COLORSPACE_GAMMA UNITY_LIGHTMAP_RGBM_ENCODING ok=1
Cmd: compileSnippet
  api=10 type=1 insize=1455 outsize=1066 kw=UNITY_PASS_FORWARDADD DIRECTIONAL_COOKIE _METALLICGLOSSMAP _ALPHABLEND_ON pd=UNITY_ENABLE_REFLECTION_BUFFERS UNITY_NO_SCREENSPACE_SHADOWS UNITY_PBS_USE_BRDF3 SHADER_API_MOBILE UNITY_COLORSPACE_GAMMA UNITY_LIGHTMAP_RGBM_ENCODING ok=1
Cmd: compileSnippet
  api=10 type=1 insize=1455 outsize=2076 kw=UNITY_PASS_FORWARDADD SPOT SHADOWS_DEPTH _METALLICGLOSSMAP _ALPHABLEND_ON pd=UNITY_ENABLE_REFLECTION_BUFFERS UNITY_NO_SCREENSPACE_SHADOWS UNITY_PBS_USE_BRDF3 SHADER_API_MOBILE UNITY_COLORSPACE_GAMMA UNITY_LIGHTMAP_RGBM_ENCODING ok=1
Cmd: compileSnippet
  api=10 type=1 insize=1455 outsize=2092 kw=UNITY_PASS_FORWARDADD SPOT SHADOWS_DEPTH LIGHTMAP_SHADOW_MIXING _METALLICGLOSSMAP pd=UNITY_ENABLE_REFLECTION_BUFFERS UNITY_NO_SCREENSPACE_SHADOWS UNITY_PBS_USE_BRDF3 SHADER_API_MOBILE UNITY_COLORSPACE_GAMMA UNITY_LIGHTMAP_RGBM_ENCODING ok=1
Cmd: compileSnippet
  api=10 type=1 insize=1455 outsize=2754 kw=UNITY_PASS_FORWARDADD SPOT SHADOWS_DEPTH SHADOWS_SOFT LIGHTMAP_SHADOW_MIXING _NORMALMAP _METALLICGLOSSMAP _VERTEXCOLOR _ALPHABLEND_ON pd=UNITY_ENABLE_REFLECTION_BUFFERS UNITY_NO_SCREENSPACE_SHADOWS UNITY_PBS_USE_BRDF3 SHADER_API_MOBILE UNITY_COLORSPACE_GAMMA UNITY_LIGHTMAP_RGBM_ENCODING ok=1
Cmd: compileSnippet
  api=10 type=1 insize=1455 outsize=1589 kw=UNITY_PASS_FORWARDADD DIRECTIONAL SHADOWS_SCREEN LIGHTMAP_SHADOW_MIXING _METALLICGLOSSMAP _ALPHABLEND_ON pd=UNITY_ENABLE_REFLECTION_BUFFERS UNITY_NO_SCREENSPACE_SHADOWS UNITY_PBS_USE_BRDF3 SHADER_API_MOBILE UNITY_COLORSPACE_GAMMA UNITY_LIGHTMAP_RGBM_ENCODING ok=1
Cmd: compileSnippet
  api=10 type=1 insize=1455 outsize=1855 kw=UNITY_PASS_FORWARDADD POINT SHADOWS_CUBE _METALLICGLOSSMAP _ALPHABLEND_ON pd=UNITY_ENABLE_REFLECTION_BUFFERS UNITY_NO_SCREENSPACE_SHADOWS UNITY_PBS_USE_BRDF3 SHADER_API_MOBILE UNITY_COLORSPACE_GAMMA UNITY_LIGHTMAP_RGBM_ENCODING ok=1
Cmd: compileSnippet
  api=10 type=1 insize=1455 outsize=2190 kw=UNITY_PASS_FORWARDADD POINT SHADOWS_CUBE SHADOWS_SOFT _NORMALMAP _METALLICGLOSSMAP _VERTEXCOLOR _ALPHABLEND_ON pd=UNITY_ENABLE_REFLECTION_BUFFERS UNITY_NO_SCREENSPACE_SHADOWS UNITY_PBS_USE_BRDF3 SHADER_API_MOBILE UNITY_COLORSPACE_GAMMA UNITY_LIGHTMAP_RGBM_ENCODING ok=1
Cmd: compileSnippet
  api=10 type=1 insize=1455 outsize=2007 kw=UNITY_PASS_FORWARDADD POINT SHADOWS_CUBE SHADOWS_SOFT LIGHTMAP_SHADOW_MIXING _METALLICGLOSSMAP pd=UNITY_ENABLE_REFLECTION_BUFFERS UNITY_NO_SCREENSPACE_SHADOWS UNITY_PBS_USE_BRDF3 SHADER_API_MOBILE UNITY_COLORSPACE_GAMMA UNITY_LIGHTMAP_RGBM_ENCODING ok=1
Cmd: compileSnippet
  api=10 type=1 insize=1455 outsize=2079 kw=UNITY_PASS_FORWARDADD POINT_COOKIE SHADOWS_CUBE SHADOWS_SOFT _METALLICGLOSSMAP _ALPHABLEND_ON pd=UNITY_ENABLE_REFLECTION_BUFFERS UNITY_NO_SCREENSPACE_SHADOWS UNITY_PBS_USE_BRDF3 SHADER_API_MOBILE UNITY_COLORSPACE_GAMMA UNITY_LIGHTMAP_RGBM_ENCODING ok=1
Cmd: compileSnippet
  api=10 type=1 insize=1455 outsize=2095 kw=UNITY_PASS_FORWARDADD POINT_COOKIE SHADOWS_CUBE SHADOWS_SOFT LIGHTMAP_SHADOW_MIXING _METALLICGLOSSMAP _ALPHABLEND_ON pd=UNITY_ENABLE_REFLECTION_BUFFERS UNITY_NO_SCREENSPACE_SHADOWS UNITY_PBS_USE_BRDF3 SHADER_API_MOBILE UNITY_COLORSPACE_GAMMA UNITY_LIGHTMAP_RGBM_ENCODING ok=1
Cmd: compileSnippet
  api=10 type=0 insize=1149 outsize=906 kw=UNITY_PASS_SHADOWCASTER SHADOWS_DEPTH _METALLICGLOSSMAP pd=UNITY_ENABLE_REFLECTION_BUFFERS UNITY_NO_SCREENSPACE_SHADOWS UNITY_PBS_USE_BRDF3 SHADER_API_MOBILE UNITY_COLORSPACE_GAMMA UNITY_LIGHTMAP_RGBM_ENCODING ok=1
Cmd: compileSnippet
  api=10 type=0 insize=1149 outsize=986 kw=UNITY_PASS_SHADOWCASTER SHADOWS_DEPTH _METALLICGLOSSMAP _ALPHABLEND_ON pd=UNITY_ENABLE_REFLECTION_BUFFERS UNITY_NO_SCREENSPACE_SHADOWS UNITY_PBS_USE_BRDF3 SHADER_API_MOBILE UNITY_COLORSPACE_GAMMA UNITY_LIGHTMAP_RGBM_ENCODING ok=1
Cmd: compileSnippet
  api=10 type=1 insize=1149 outsize=705 kw=UNITY_PASS_SHADOWCASTER SHADOWS_CUBE _METALLICGLOSSMAP _ALPHABLEND_ON pd=UNITY_ENABLE_REFLECTION_BUFFERS UNITY_NO_SCREENSPACE_SHADOWS UNITY_PBS_USE_BRDF3 SHADER_API_MOBILE UNITY_COLORSPACE_GAMMA UNITY_LIGHTMAP_RGBM_ENCODING ok=1
Cmd: compileSnippet
  api=10 type=0 insize=1075 outsize=999 kw=UNITY_PASS_META pd=UNITY_ENABLE_REFLECTION_BUFFERS UNITY_NO_SCREENSPACE_SHADOWS UNITY_PBS_USE_BRDF3 SHADER_API_MOBILE UNITY_COLORSPACE_GAMMA UNITY_LIGHTMAP_RGBM_ENCODING ok=1
Cmd: compileSnippet
  error: 1 plat 10 at (26): Program 'frag', implicit cast from 'float4' to 'float3'\nCompiling Fragment program with UNITY_PASS_SHADOWCASTER SHADOWS_CUBE LOD_FADE_CROSSFADE
Platform defines: UNITY_ENABLE_REFLECTION_BUFFERS UNITY_NO_SCREENSPACE_SHADOWS UNITY_PBS_USE_BRDF3 SHADER_API_MOBILE UNITY_COLORSPACE_GAMMA UNITY_LIGHTMAP_RGBM_ENCODING
  error: 1 plat 10 at (31): Program 'frag', assignment causes implicit cast from 'float' to 'half'\nCompiling Fragment program with UNITY_PASS_SHADOWCASTER SHADOWS_CUBE LOD_FADE_CROSSFADE
Platform defines: UNITY_ENABLE_REFLECTION_BUFFERS UNITY_NO_SCREENSPACE_SHADOWS UNITY_PBS_USE_BRDF3 SHADER_API_MOBILE UNITY_COLORSPACE_GAMMA UNITY_LIGHTMAP_RGBM_ENCODING
  error: 1 plat 10 at (149): Program 'frag', assignment causes implicit cast from 'float' to 'half'\nCompiling Fragment program with UNITY_PASS_SHADOWCASTER SHADOWS_CUBE LOD_FADE_CROSSFADE
Platform defines: UNITY_ENABLE_REFLECTION_BUFFERS UNITY_NO_SCREENSPACE_SHADOWS UNITY_PBS_USE_BRDF3 SHADER_API_MOBILE UNITY_COLORSPACE_GAMMA UNITY_LIGHTMAP_RGBM_ENCODING
  error: 1 plat 10 at (150): Program 'frag', 'sign' shadows previous declaration\nprevious declaration was builtin:\nCompiling Fragment program with UNITY_PASS_SHADOWCASTER SHADOWS_CUBE LOD_FADE_CROSSFADE
Platform defines: UNITY_ENABLE_REFLECTION_BUFFERS UNITY_NO_SCREENSPACE_SHADOWS UNITY_PBS_USE_BRDF3 SHADER_API_MOBILE UNITY_COLORSPACE_GAMMA UNITY_LIGHTMAP_RGBM_ENCODING
  error: 1 plat 10 at (151): Program 'frag', assignment causes implicit cast from 'float' to 'half'\nCompiling Fragment program with UNITY_PASS_SHADOWCASTER SHADOWS_CUBE LOD_FADE_CROSSFADE
Platform defines: UNITY_ENABLE_REFLECTION_BUFFERS UNITY_NO_SCREENSPACE_SHADOWS UNITY_PBS_USE_BRDF3 SHADER_API_MOBILE UNITY_COLORSPACE_GAMMA UNITY_LIGHTMAP_RGBM_ENCODING
  error: 1 plat 10 at (153): Program 'frag', assignment causes implicit cast from 'float' to 'half'\nCompiling Fragment program with UNITY_PASS_SHADOWCASTER SHADOWS_CUBE LOD_FADE_CROSSFADE
Platform defines: UNITY_ENABLE_REFLECTION_BUFFERS UNITY_NO_SCREENSPACE_SHADOWS UNITY_PBS_USE_BRDF3 SHADER_API_MOBILE UNITY_COLORSPACE_GAMMA UNITY_LIGHTMAP_RGBM_ENCODING
  error: 1 plat 10 at (258): Program 'frag', local variable 'lv' is unreferenced\nCompiling Fragment program with UNITY_PASS_SHADOWCASTER SHADOWS_CUBE LOD_FADE_CROSSFADE
Platform defines: UNITY_ENABLE_REFLECTION_BUFFERS UNITY_NO_SCREENSPACE_SHADOWS UNITY_PBS_USE_BRDF3 SHADER_API_MOBILE UNITY_COLORSPACE_GAMMA UNITY_LIGHTMAP_RGBM_ENCODING
  error: 1 plat 10 at (301): Program 'frag', assignment causes implicit cast from 'float' to 'half'\nCompiling Fragment program with UNITY_PASS_SHADOWCASTER SHADOWS_CUBE LOD_FADE_CROSSFADE
Platform defines: UNITY_ENABLE_REFLECTION_BUFFERS UNITY_NO_SCREENSPACE_SHADOWS UNITY_PBS_USE_BRDF3 SHADER_API_MOBILE UNITY_COLORSPACE_GAMMA UNITY_LIGHTMAP_RGBM_ENCODING
  error: 2 plat 10 at (920): Program 'frag', incompatible argument list for call to 'mul'. Found 288 possible candidates:\nfunction was called with params: (float4x4, half3) could be: fixed4x4 mul(fixed4x4, fixed4x4) or      : fixed4x3 mul(fixed4x4, fixed4x3) or      : fixed4x2 mul(fixed4x4, fixed4x2) or      : fixed4x1 mul(fixed4x4, fixed4x1) or      : fixed4x4 mul(fixed4x3, fixed3x4) or      : fixed4x3 mul(fixed4x3, fixed3x3) or      : fixed4x2 mul(fixed4x3, fixed3x2) or      : fixed4x1 mul(fixed4x3, fixed3x1) or      : fixed4x4 mul(fixed4x2, fixed2x4) or      : fixed4x3 mul(fixed4x2, fixed2x3) or      : fixed4x2 mul(fixed4x2, fixed2x2) or      : fixed4x1 mul(fixed4x2, fixed2x1) or      : fixed4x4 mul(fixed4x1, fixed1x4) or      : fixed4x3 mul(fixed4x1, fixed1x3) or      : fixed4x2 mul(fixed4x1, fixed1x2) or      : fixed4x1 mul(fixed4x1, fixed1x1) or      : fixed3x4 mul(fixed3x4, fixed4x4) or      : fixed3x3 mul(fixed3x4, fixed4x3) or      : fixed3x2 mul(fixed3x4, fixed4x2) or      : fixed3x1 mul(fixed3x4, fixed4x1) or      : fixed3x4 mul(fixed3x3, fixed3x4) or      : fixed3x3 mul(fixed3x3, fixed3x3) or      : fixed3x2 mul(fixed3x3, fixed3x2) or      : fixed3x1 mul(fixed3x3, fixed3x1) or      : fixed3x4 mul(fixed3x2, fixed2x4) or      : fixed3x3 mul(fixed3x2, fixed2x3) or      : fixed3x2 mul(fixed3x2, fixed2x2) or      : fixed3x1 mul(fixed3x2, fixed2x1) or      : fixed3x4 mul(fixed3x1, fixed1x4) or      : fixed3x3 mul(fixed3x1, fixed1x3) or      : fixed3x2 mul(fixed3x1, fixed1x2) or      : fixed3x1 mul(fixed3x1, fixed1x1) or      : fixed2x4 mul(fixed2x4, fixed4x4) or      : fixed2x3 mul(fixed2x4, fixed4x3) or      : fixed2x2 mul(fixed2x4, fixed4x2) or      : fixed2x1 mul(fixed2x4, fixed4x1) or      : fixed2x4 mul(fixed2x3, fixed3x4) or      : fixed2x3 mul(fixed2x3, fixed3x3) or      : fixed2x2 mul(fixed2x3, fixed3x2) or      : fixed2x1 mul(fixed2x3, fixed3x1) or      : fixed2x4 mul(fixed2x2, fixed2x4) or      : fixed2x3 mul(fixed2x2, fixed2x3) or      : fixed2x2 mul(fixed2x2, fixed2x2) or      : fixed2x1 mul(fixed2x2, fixed2x1) or      : fixed2x4 mul(fixed2x1, fixed1x4) or      : fixed2x3 mul(fixed2x1, fixed1x3) or      : fixed2x2 mul(fixed2x1, fixed1x2) or      : fixed2x1 mul(fixed2x1, fixed1x1) or      : fixed1x4 mul(fixed1x4, fixed4x4) or      : fixed1x3 mul(fixed1x4, fixed4x3) or      : fixed1x2 mul(fixed1x4, fixed4x2) or      : fixed1x1 mul(fixed1x4, fixed4x1) or      : fixed1x4 mul(fixed1x3, fixed3x4) or      : fixed1x3 mul(fixed1x3, fixed3x3) or      : fixed1x2 mul(fixed1x3, fixed3x2) or      : fixed1x1 mul(fixed1x3, fixed3x1) or      : fixed1x4 mul(fixed1x2, fixed2x4) or      : fixed1x3 mul(fixed1x2, fixed2x3) or      : fixed1x2 mul(fixed1x2, fixed2x2) or      : fixed1x1 mul(fixed1x2, fixed2x1) or      : fixed1x4 mul(fixed1x1, fixed1x4) or      : fixed1x3 mul(fixed1x1, fixed1x3) or      : fixed1x2 mul(fixed1x1, fixed1x2) or      : fixed1x1 mul(fixed1x1, fixed1x1) or      : half4x4 mul(half4x4, half4x4) or      : half4x3 mul(half4x4, half4x3) or      : half4x2 mul(half4x4, half4x2) or      : half4x1 mul(half4x4, half4x1) or      : half4x4 mul(half4x3, half3x4) or      : half4x3 mul(half4x3, half3x3) or      : half4x2 mul(half4x3, half3x2) or      : half4x1 mul(half4x3, half3x1) or      : half4x4 mul(half4x2, half2x4) or      : half4x3 mul(half4x2, half2x3) or      : half4x2 mul(half4x2, half2x2) or      : half4x1 mul(half4x2, half2x1) or      : half4x4 mul(half4x1, half1x4) or      : half4x3 mul(half4x1, half1x3) or      : half4x2 mul(half4x1, half1x2) or      : half4x1 mul(half4x1, half1x1) or      : half3x4 mul(half3x4, half4x4) or      : half3x3 mul(half3x4, half4x3) or      : half3x2 mul(half3x4, half4x2) or      : half3x1 mul(half3x4, half4x1) or      : half3x4 mul(half3x3, half3x4) or      : half3x3 mul(half3x3, half3x3) or      : half3x2 mul(half3x3, half3x2) or      : half3x1 mul(half3x3, half3x1) or      : half3x4 mul(half3x2, half2x4) or      : half3x3 mul(half3x2, half2x3) or      : half3x2 mul(half3x2, half2x2) or      : half3x1 mul(half3x2, half2x1) or      : half3x4 mul(half3x1, half1x4) or      : half3x3 mul(half3x1, half1x3) or      : half3x2 mul(half3x1, half1x2) or      : half3x1 mul(half3x1, half1x1) or      : half2x4 mul(half2x4, half4x4) or      : half2x3 mul(half2x4, half4x3) or      : half2x2 mul(half2x4, half4x2) or      : half2x1 mul(half2x4, half4x1) or      : half2x4 mul(half2x3, half3x4) or      : half2x3 mul(half2x3, half3x3) or      : half2x2 mul(half2x3, half3x2) or      : half2x1 mul(half2x3, half3x1) or      : half2x4 mul(half2x2, half2x4) or      : half2x3 mul(half2x2, half2x3) or      : half2x2 mul(half2x2, half2x2) or      : half2x1 mul(half2x2, half2x1) or      : half2x4 mul(half2x1, half1x4) or      : half2x3 mul(half2x1, half1x3) or      : half2x2 mul(half2x1, half1x2) or      : half2x1 mul(half2x1, half1x1) or      : half1x4 mul(half1x4, half4x4) or      : half1x3 mul(half1x4, half4x3) or      : half1x2 mul(half1x4, half4x2) or      : half1x1 mul(half1x4, half4x1) or      : half1x4 mul(half1x3, half3x4) or      : half1x3 mul(half1x3, half3x3) or      : half1x2 mul(half1x3, half3x2) or      : half1x1 mul(half1x3, half3x1) or      : half1x4 mul(half1x2, half2x4) or      : half1x3 mul(half1x2, half2x3) or      : half1x2 mul(half1x2, half2x2) or      : half1x1 mul(half1x2, half2x1) or      : half1x4 mul(half1x1, half1x4) or      : half1x3 mul(half1x1, half1x3) or      : half1x2 mul(half1x1, half1x2) or      : half1x1 mul(half1x1, half1x1) or      : float4x4 mul(float4x4, float4x4) or      : float4x3 mul(float4x4, float4x3) or      : float4x2 mul(float4x4, float4x2) or      : float4x1 mul(float4x4, float4x1) or      : float4x4 mul(float4x3, float3x4) or      : float4x3 mul(float4x3, float3x3) or      : float4x2 mul(float4x3, float3x2) or      : float4x1 mul(float4x3, float3x1) or      : float4x4 mul(float4x2, float2x4) or      : float4x3 mul(float4x2, float2x3) or      : float4x2 mul(float4x2, float2x2) or      : float4x1 mul(float4x2, float2x1) or      : float4x4 mul(float4x1, float1x4) or      : float4x3 mul(float4x1, float1x3) or      : float4x2 mul(float4x1, float1x2) or      : float4x1 mul(float4x1, float1x1) or      : float3x4 mul(float3x4, float4x4) or      : float3x3 mul(float3x4, float4x3) or      : float3x2 mul(float3x4, float4x2) or      : float3x1 mul(float3x4, float4x1) or      : float3x4 mul(float3x3, float3x4) or      : float3x3 mul(float3x3, float3x3) or      : float3x2 mul(float3x3, float3x2) or      : float3x1 mul(float3x3, float3x1) or      : float3x4 mul(float3x2, float2x4) or      : float3x3 mul(float3x2, float2x3) or      : float3x2 mul(float3x2, float2x2) or      : float3x1 mul(float3x2, float2x1) or      : float3x4 mul(float3x1, float1x4) or      : float3x3 mul(float3x1, float1x3) or      : float3x2 mul(float3x1, float1x2) or      : float3x1 mul(float3x1, float1x1) or      : float2x4 mul(float2x4, float4x4) or      : float2x3 mul(float2x4, float4x3) or      : float2x2 mul(float2x4, float4x2) or      : float2x1 mul(float2x4, float4x1) or      : float2x4 mul(float2x3, float3x4) or      : float2x3 mul(float2x3, float3x3) or      : float2x2 mul(float2x3, float3x2) or      : float2x1 mul(float2x3, float3x1) or      : float2x4 mul(float2x2, float2x4) or      : float2x3 mul(float2x2, float2x3) or      : float2x2 mul(float2x2, float2x2) or      : float2x1 mul(float2x2, float2x1) or      : float2x4 mul(float2x1, float1x4) or      : float2x3 mul(float2x1, float1x3) or      : float2x2 mul(float2x1, float1x2) or      : float2x1 mul(float2x1, float1x1) or      : float1x4 mul(float1x4, float4x4) or      : float1x3 mul(float1x4, float4x3) or      : float1x2 mul(float1x4, float4x2) or      : float1x1 mul(float1x4, float4x1) or      : float1x4 mul(float1x3, float3x4) or      : float1x3 mul(float1x3, float3x3) or      : float1x2 mul(float1x3, float3x2) or      : float1x1 mul(float1x3, float3x1) or      : float1x4 mul(float1x2, float2x4) or      : float1x3 mul(float1x2, float2x3) or      : float1x2 mul(float1x2, float2x2) or      : float1x1 mul(float1x2, float2x1) or      : float1x4 mul(float1x1, float1x4) or      : float1x3 mul(float1x1, float1x3) or      : float1x2 mul(float1x1, float1x2) or      : float1x1 mul(float1x1, float1x1) or      : fixed mul(fixed, fixed1x1) or      : fixed mul(fixed2, fixed2x1) or      : fixed mul(fixed3, fixed3x1) or      : fixed mul(fixed4, fixed4x1) or      : fixed2 mul(fixed, fixed1x2) or      : fixed2 mul(fixed2, fixed2x2) or      : fixed2 mul(fixed3, fixed3x2) or      : fixed2 mul(fixed4, fixed4x2) or      : fixed3 mul(fixed, fixed1x3) or      : fixed3 mul(fixed2, fixed2x3) or      : fixed3 mul(fixed3, fixed3x3) or      : fixed3 mul(fixed4, fixed4x3) or      : fixed4 mul(fixed, fixed1x4) or      : fixed4 mul(fixed2, fixed2x4) or      : fixed4 mul(fixed3, fixed3x4) or      : fixed4 mul(fixed4, fixed4x4) or      : half mul(half, half1x1) or      : half mul(half2, half2x1) or      : half mul(half3, half3x1) or      : half mul(half4, half4x1) or      : half2 mul(half, half1x2) or      : half2 mul(half2, half2x2) or      : half2 mul(half3, half3x2) or      : half2 mul(half4, half4x2) or      : half3 mul(half, half1x3) or      : half3 mul(half2, half2x3) or      : half3 mul(half3, half3x3) or      : half3 mul(half4, half4x3) or      : half4 mul(half, half1x4) or      : half4 mul(half2, half2x4) or      : half4 mul(half3, half3x4) or      : half4 mul(half4, half4x4) or      : float mul(float, float1x1) or      : float mul(float2, float2x1) or      : float mul(float3, float3x1) or      : float mul(float4, float4x1) or      : float2 mul(float, float1x2) or      : float2 mul(float2, float2x2) or      : float2 mul(float3, float3x2) or      : float2 mul(float4, float4x2) or      : float3 mul(float, float1x3) or      : float3 mul(float2, float2x3) or      : float3 mul(float3, float3x3) or      : float3 mul(float4, float4x3) or      : float4 mul(float, float1x4) or      : float4 mul(float2, float2x4) or      : float4 mul(float3, float3x4) or      : float4 mul(float4, float4x4) or      : fixed mul(fixed1x1, fixed) or      : fixed mul(fixed1x2, fixed2) or      : fixed mul(fixed1x3, fixed3) or      : fixed mul(fixed1x4, fixed4) or      : fixed2 mul(fixed2x1, fixed) or      : fixed2 mul(fixed2x2, fixed2) or      : fixed2 mul(fixed2x3, fixed3) or      : fixed2 mul(fixed2x4, fixed4) or      : fixed3 mul(fixed3x1, fixed) or      : fixed3 mul(fixed3x2, fixed2) or      : fixed3 mul(fixed3x3, fixed3) or      : fixed3 mul(fixed3x4, fixed4) or      : fixed4 mul(fixed4x1, fixed) or      : fixed4 mul(fixed4x2, fixed2) or      : fixed4 mul(fixed4x3, fixed3) or      : fixed4 mul(fixed4x4, fixed4) or      : half mul(half1x1, half) or      : half mul(half1x2, half2) or      : half mul(half1x3, half3) or      : half mul(half1x4, half4) or      : half2 mul(half2x1, half) or      : half2 mul(half2x2, half2) or      : half2 mul(half2x3, half3) or      : half2 mul(half2x4, half4) or      : half3 mul(half3x1, half) or      : half3 mul(half3x2, half2) or      : half3 mul(half3x3, half3) or      : half3 mul(half3x4, half4) or      : half4 mul(half4x1, half) or      : half4 mul(half4x2, half2) or      : half4 mul(half4x3, half3) or      : half4 mul(half4x4, half4) or      : float mul(float1x1, float) or      : float mul(float1x2, float2) or      : float mul(float1x3, float3) or      : float mul(float1x4, float4) or      : float2 mul(float2x1, float) or      : float2 mul(float2x2, float2) or      : float2 mul(float2x3, float3) or      : float2 mul(float2x4, float4) or      : float3 mul(float3x1, float) or      : float3 mul(float3x2, float2) or      : float3 mul(float3x3, float3) or      : float3 mul(float3x4, float4) or      : float4 mul(float4x1, float) or      : float4 mul(float4x2, float2) or      : float4 mul(float4x3, float3) or      : float4 mul(float4x4, float4)\nCompiling Fragment program with UNITY_PASS_SHADOWCASTER SHADOWS_CUBE LOD_FADE_CROSSFADE
Platform defines: UNITY_ENABLE_REFLECTION_BUFFERS UNITY_NO_SCREENSPACE_SHADOWS UNITY_PBS_USE_BRDF3 SHADER_API_MOBILE UNITY_COLORSPACE_GAMMA UNITY_LIGHTMAP_RGBM_ENCODING
  api=10 type=1 insize=2275 outsize=0 kw=UNITY_PASS_SHADOWCASTER SHADOWS_CUBE LOD_FADE_CROSSFADE pd=UNITY_ENABLE_REFLECTION_BUFFERS UNITY_NO_SCREENSPACE_SHADOWS UNITY_PBS_USE_BRDF3 SHADER_API_MOBILE UNITY_COLORSPACE_GAMMA UNITY_LIGHTMAP_RGBM_ENCODING ok=0
Cmd: initializeCompiler
Cmd: initializeCompiler
Unhandled exception: Protocol error - unexpected end of data (did the Editor crash?)

Quitting shader compiler process
